Sat Jan 23 16:51:01 2021 username nbaranov спросил пресс
ХОРВАТИЯ: Первый дивизион 17:00 Вараждин - Риека П2 кф. 1.67
ИЗРАИЛЬ: Суперлига 21:45 Маккаби Нетания - Маккаби Тель-Авив П2 кф. 1.53
Итоговый кф 2.56

'Sat Jan 23 16:51:28 2021 username nbaranov спросил пресс
ИТАЛИЯ: Серия C - Группа C 19:30 Катанзаро - Потенца П1 кф. 1.65
ТУРЦИЯ: Первая лига 19:00 Аданадемирспор - Бурсаспор П1 кф. 1.57
МАЛЬТА: Премьер-лига 20:00 Зейтун Коринтианс - Сенглеа Атлетик П1 кф. 1.47
Итоговый кф 3.81

'Sat Jan 23 16:51:47 2021 username nbaranov спросил пресс
ИТАЛИЯ: Серия А 22:45 Фиорентина - Кротоне П1 кф. 1.69
ИТАЛИЯ: Серия C - Группа B 19:30 Имолезе - Падова П2 кф. 1.74
ВЕНГРИЯ: Высшая лига 21:30 Уйпешт - МОЛ Фехервар П2 кф. 1.62
Итоговый кф 4.76

'Sat Jan 23 17:10:40 2021 username salminlev спросил пресс
АНГЛИЯ: Вторая лига 18:00 Моркам - Колчестер Юнайтед П1 кф. 1.72
ИТАЛИЯ: Серия А 20:00 Удинезе - Интер П2 кф. 1.64
Итоговый кф 2.82

Sat Jan 23 17:13:55 2021 username salminlev спросил список матчей
Sat Jan 23 17:37:34 2021 username nbaranov спросил пресс
ИЗРАИЛЬ: Суперлига 21:45 Маккаби Нетания - Маккаби Тель-Авив П2 кф. 1.53
ГРЕЦИЯ: Суперлига 20:30 Панатинаикос - ОФИ П1 кф. 1.5
ФРАНЦИЯ: Вторая лига 21:00 По - Труа П2 кф. 1.64
Итоговый кф 3.76

Sat Jan 23 18:10:06 2021 name Andrei Socolov спросил пресс
ГРЕЦИЯ: Суперлига 20:30 Панатинаикос - ОФИ П1 кф. 1.54
ИТАЛИЯ: Серия А 20:00 Удинезе - Интер П2 кф. 1.61
Итоговый кф 2.48

Sat Jan 23 18:11:31 2021 name Andrei Socolov спросил пресс
ЧЕХИЯ: Первая лига 20:30 Карвина - Славия Прага П2 кф. 1.53
ФРАНЦИЯ: Вторая лига 21:00 По - Труа П2 кф. 1.65
АВСТРИЯ: Бундеслига 19:00 Вольфсбергер - Хартберг П1 кф. 1.64
Итоговый кф 4.14

Sat Jan 23 18:11:50 2021 name Andrei Socolov спросил пресс
КИПР: Первый дивизион 19:30 Эносис - Омония П2 кф. 1.43
АНГЛИЯ: Премьер-лига 23:00 Астон Вилла - Ньюкасл Юнайтед П1 кф. 1.51
ИТАЛИЯ: Серия C - Группа C 19:30 Катанзаро - Потенца П1 кф. 1.65
Итоговый кф 3.56

Sat Jan 23 18:12:01 2021 name Andrei Socolov спросил пресс
ИТАЛИЯ: Серия А 22:45 Фиорентина - Кротоне П1 кф. 1.69
ТУРЦИЯ: Первая лига 19:00 Аданадемирспор - Бурсаспор П1 кф. 1.56
Итоговый кф 2.64

Sat Jan 23 18:12:30 2021 name Andrei Socolov спросил список матчей
Sat Jan 23 18:43:39 2021 username nbaranov спросил пресс
Sat Jan 23 18:43:58 2021 username nbaranov спросил пресс
Sat Jan 23 18:49:24 2021 username nbaranov спросил пресс
Sat Jan 23 18:52:55 2021 username nbaranov спросил пресс
ГРЕЦИЯ: Суперлига 20:30 Панатинаикос - ОФИ П1 кф. 1.54
ИЗРАИЛЬ: Суперлига 21:45 Маккаби Нетания - Маккаби Тель-Авив П2 кф. 1.49
ИТАЛИЯ: Серия А 22:45 Фиорентина - Кротоне П1 кф. 1.69
Итоговый кф 3.88

Sat Jan 23 18:53:06 2021 username nbaranov спросил пресс
ТУРЦИЯ: Первая лига 19:00 Аданадемирспор - Бурсаспор П1 кф. 1.55
ТУРЦИЯ: Суперлига 19:00 Башакшехир - Ризеспор П1 кф. 1.41
АНГЛИЯ: Премьер-лига 23:00 Астон Вилла - Ньюкасл Юнайтед П1 кф. 1.51
Итоговый кф 3.3

Sat Jan 23 19:14:51 2021 username nbaranov спросил пресс
ВЕНГРИЯ: Высшая лига 21:30 Уйпешт - МОЛ Фехервар П2 кф. 1.58
ФРАНЦИЯ: Вторая лига 21:00 По - Труа П2 кф. 1.65
ИТАЛИЯ: Серия А 20:00 Удинезе - Интер П2 кф. 1.61
Итоговый кф 4.2

Sat Jan 23 19:28:28 2021 name Graf Ludomanskiy спросил пресс
ИЗРАИЛЬ: Суперлига 21:45 Маккаби Нетания - Маккаби Тель-Авив П2 кф. 1.49
ИСПАНИЯ: Примера 23:00 Алавес - Реал Мадрид П2 кф. 1.53
ЧЕХИЯ: Первая лига 20:30 Карвина - Славия Прага П2 кф. 1.5
Итоговый кф 3.42

Sat Jan 23 23:08:48 2021 username nbaranov спросил пресс
ИТАЛИЯ: Серия А 17:00 Верона - Наполи П2 кф. 1.72
НИГЕРИЯ: НПФЛ 18:00 Даккада - Саншайн Старс П1 кф. 1.55
ИТАЛИЯ: Серия C - Группа B 17:00 Зюдтироль - Равенна П1 кф. 1.47
Итоговый кф 3.92

Sat Jan 23 23:08:48 2021 username nbaranov спросил пресс
ТУРЦИЯ: Первая лига 16:00 Гиресунспор - Балыкесирспор П1 кф. 1.44
НИГЕРИЯ: НПФЛ 18:00 Уорри - Насарава П1 кф. 1.69
Итоговый кф 2.43

Sat Jan 23 23:22:11 2021 username nbaranov спросил пресс
КОСТА-РИКА: Ассенсо - Клаусура 20:00 Либерия - Мунисипаль Гарабито П1 кф. 1.69
ГЕРМАНИЯ: Третья лига 15:00 Мюнхен 1860 - Меппен П1 кф. 1.65
Итоговый кф 2.79

Sat Jan 23 23:22:24 2021 username nbaranov спросил список матчей
Sat Jan 23 23:53:44 2021 username nbaranov спросил пресс
ГРЕЦИЯ: Суперлига 2 15:45 Ионикос - Трикала П1 кф. 1.64
КОСТА-РИКА: Ассенсо - Клаусура 20:00 Либерия - Мунисипаль Гарабито П1 кф. 1.69
ГЕРМАНИЯ: Юго-западная региональная лига 16:00 Рот-Вайсс Кобленц - Оффенбах П2 кф. 1.71
Итоговый кф 4.74

Sat Jan 23 23:55:05 2021 username nbaranov спросил список матчей
